Log at : 2024/8/9|22:21:08|GMT+0800

Log at : 2024/8/14|00:33:20|GMT+0800

Log at : 2024/8/14|23:00:29|GMT+0800

Log at : 2024/9/24|23:50:32|GMT+0800

Log at : 2024/9/25|00:39:24|GMT+0800

Log at : 2024/9/25|00:41:53|GMT+0800

Log at : 2024/9/25|13:13:33|GMT+0800

Log at : 2024/9/25|13:52:41|GMT+0800

Log at : 2024/9/25|15:06:42|GMT+0800

[TypeError: Cannot read properties of undefined (reading 'replace')
	at x.toAbsolutePath (c:\Users\10548\.vscode\extensions\cl.keil-assistant-1.6.2\dist\extension.js:1:8420)
	at I.<anonymous> (c:\Users\10548\.vscode\extensions\cl.keil-assistant-1.6.2\dist\extension.js:1:11269)
	at Generator.next (<anonymous>)
	at c:\Users\10548\.vscode\extensions\cl.keil-assistant-1.6.2\dist\extension.js:1:4542
	at new Promise (<anonymous>)
	at r (c:\Users\10548\.vscode\extensions\cl.keil-assistant-1.6.2\dist\extension.js:1:4287)
	at I.load (c:\Users\10548\.vscode\extensions\cl.keil-assistant-1.6.2\dist\extension.js:1:10382)
	at x.<anonymous> (c:\Users\10548\.vscode\extensions\cl.keil-assistant-1.6.2\dist\extension.js:1:8182)
	at Generator.next (<anonymous>)
	at a (c:\Users\10548\.vscode\extensions\cl.keil-assistant-1.6.2\dist\extension.js:1:4344)]
[TypeError: Cannot read properties of undefined (reading 'replace')
	at x.toAbsolutePath (c:\Users\10548\.vscode\extensions\cl.keil-assistant-1.6.2\dist\extension.js:1:8420)
	at I.<anonymous> (c:\Users\10548\.vscode\extensions\cl.keil-assistant-1.6.2\dist\extension.js:1:11269)
	at Generator.next (<anonymous>)
	at c:\Users\10548\.vscode\extensions\cl.keil-assistant-1.6.2\dist\extension.js:1:4542
	at new Promise (<anonymous>)
	at r (c:\Users\10548\.vscode\extensions\cl.keil-assistant-1.6.2\dist\extension.js:1:4287)
	at I.load (c:\Users\10548\.vscode\extensions\cl.keil-assistant-1.6.2\dist\extension.js:1:10382)
	at x.<anonymous> (c:\Users\10548\.vscode\extensions\cl.keil-assistant-1.6.2\dist\extension.js:1:8182)
	at Generator.next (<anonymous>)
	at a (c:\Users\10548\.vscode\extensions\cl.keil-assistant-1.6.2\dist\extension.js:1:4344)]
[TypeError: Cannot read properties of undefined (reading 'replace')
	at x.toAbsolutePath (c:\Users\10548\.vscode\extensions\cl.keil-assistant-1.6.2\dist\extension.js:1:8420)
	at I.<anonymous> (c:\Users\10548\.vscode\extensions\cl.keil-assistant-1.6.2\dist\extension.js:1:11269)
	at Generator.next (<anonymous>)
	at c:\Users\10548\.vscode\extensions\cl.keil-assistant-1.6.2\dist\extension.js:1:4542
	at new Promise (<anonymous>)
	at r (c:\Users\10548\.vscode\extensions\cl.keil-assistant-1.6.2\dist\extension.js:1:4287)
	at I.load (c:\Users\10548\.vscode\extensions\cl.keil-assistant-1.6.2\dist\extension.js:1:10382)
	at x.<anonymous> (c:\Users\10548\.vscode\extensions\cl.keil-assistant-1.6.2\dist\extension.js:1:8182)
	at Generator.next (<anonymous>)
	at a (c:\Users\10548\.vscode\extensions\cl.keil-assistant-1.6.2\dist\extension.js:1:4344)
	at process.processTicksAndRejections (node:internal/process/task_queues:95:5)]
[TypeError: Cannot read properties of undefined (reading 'replace')
	at x.toAbsolutePath (c:\Users\10548\.vscode\extensions\cl.keil-assistant-1.6.2\dist\extension.js:1:8420)
	at I.<anonymous> (c:\Users\10548\.vscode\extensions\cl.keil-assistant-1.6.2\dist\extension.js:1:11269)
	at Generator.next (<anonymous>)
	at c:\Users\10548\.vscode\extensions\cl.keil-assistant-1.6.2\dist\extension.js:1:4542
	at new Promise (<anonymous>)
	at r (c:\Users\10548\.vscode\extensions\cl.keil-assistant-1.6.2\dist\extension.js:1:4287)
	at I.load (c:\Users\10548\.vscode\extensions\cl.keil-assistant-1.6.2\dist\extension.js:1:10382)
	at x.<anonymous> (c:\Users\10548\.vscode\extensions\cl.keil-assistant-1.6.2\dist\extension.js:1:8182)
	at Generator.next (<anonymous>)
	at a (c:\Users\10548\.vscode\extensions\cl.keil-assistant-1.6.2\dist\extension.js:1:4344)
	at process.processTicksAndRejections (node:internal/process/task_queues:95:5)]
[TypeError: Cannot read properties of undefined (reading 'replace')
	at x.toAbsolutePath (c:\Users\10548\.vscode\extensions\cl.keil-assistant-1.6.2\dist\extension.js:1:8420)
	at I.<anonymous> (c:\Users\10548\.vscode\extensions\cl.keil-assistant-1.6.2\dist\extension.js:1:11269)
	at Generator.next (<anonymous>)
	at c:\Users\10548\.vscode\extensions\cl.keil-assistant-1.6.2\dist\extension.js:1:4542
	at new Promise (<anonymous>)
	at r (c:\Users\10548\.vscode\extensions\cl.keil-assistant-1.6.2\dist\extension.js:1:4287)
	at I.load (c:\Users\10548\.vscode\extensions\cl.keil-assistant-1.6.2\dist\extension.js:1:10382)
	at x.<anonymous> (c:\Users\10548\.vscode\extensions\cl.keil-assistant-1.6.2\dist\extension.js:1:8182)
	at Generator.next (<anonymous>)
	at a (c:\Users\10548\.vscode\extensions\cl.keil-assistant-1.6.2\dist\extension.js:1:4344)
	at process.processTicksAndRejections (node:internal/process/task_queues:95:5)]
[TypeError: Cannot read properties of undefined (reading 'replace')
	at x.toAbsolutePath (c:\Users\10548\.vscode\extensions\cl.keil-assistant-1.6.2\dist\extension.js:1:8420)
	at I.<anonymous> (c:\Users\10548\.vscode\extensions\cl.keil-assistant-1.6.2\dist\extension.js:1:11269)
	at Generator.next (<anonymous>)
	at c:\Users\10548\.vscode\extensions\cl.keil-assistant-1.6.2\dist\extension.js:1:4542
	at new Promise (<anonymous>)
	at r (c:\Users\10548\.vscode\extensions\cl.keil-assistant-1.6.2\dist\extension.js:1:4287)
	at I.load (c:\Users\10548\.vscode\extensions\cl.keil-assistant-1.6.2\dist\extension.js:1:10382)
	at x.<anonymous> (c:\Users\10548\.vscode\extensions\cl.keil-assistant-1.6.2\dist\extension.js:1:8182)
	at Generator.next (<anonymous>)
	at a (c:\Users\10548\.vscode\extensions\cl.keil-assistant-1.6.2\dist\extension.js:1:4344)
	at process.processTicksAndRejections (node:internal/process/task_queues:95:5)]
[TypeError: Cannot read properties of undefined (reading 'replace')
	at x.toAbsolutePath (c:\Users\10548\.vscode\extensions\cl.keil-assistant-1.6.2\dist\extension.js:1:8420)
	at I.<anonymous> (c:\Users\10548\.vscode\extensions\cl.keil-assistant-1.6.2\dist\extension.js:1:11269)
	at Generator.next (<anonymous>)
	at c:\Users\10548\.vscode\extensions\cl.keil-assistant-1.6.2\dist\extension.js:1:4542
	at new Promise (<anonymous>)
	at r (c:\Users\10548\.vscode\extensions\cl.keil-assistant-1.6.2\dist\extension.js:1:4287)
	at I.load (c:\Users\10548\.vscode\extensions\cl.keil-assistant-1.6.2\dist\extension.js:1:10382)
	at x.<anonymous> (c:\Users\10548\.vscode\extensions\cl.keil-assistant-1.6.2\dist\extension.js:1:8182)
	at Generator.next (<anonymous>)
	at a (c:\Users\10548\.vscode\extensions\cl.keil-assistant-1.6.2\dist\extension.js:1:4344)
	at process.processTicksAndRejections (node:internal/process/task_queues:95:5)]
[TypeError: Cannot read properties of undefined (reading 'replace')
	at x.toAbsolutePath (c:\Users\10548\.vscode\extensions\cl.keil-assistant-1.6.2\dist\extension.js:1:8420)
	at I.<anonymous> (c:\Users\10548\.vscode\extensions\cl.keil-assistant-1.6.2\dist\extension.js:1:11269)
	at Generator.next (<anonymous>)
	at c:\Users\10548\.vscode\extensions\cl.keil-assistant-1.6.2\dist\extension.js:1:4542
	at new Promise (<anonymous>)
	at r (c:\Users\10548\.vscode\extensions\cl.keil-assistant-1.6.2\dist\extension.js:1:4287)
	at I.load (c:\Users\10548\.vscode\extensions\cl.keil-assistant-1.6.2\dist\extension.js:1:10382)
	at x.<anonymous> (c:\Users\10548\.vscode\extensions\cl.keil-assistant-1.6.2\dist\extension.js:1:8182)
	at Generator.next (<anonymous>)
	at a (c:\Users\10548\.vscode\extensions\cl.keil-assistant-1.6.2\dist\extension.js:1:4344)
	at process.processTicksAndRejections (node:internal/process/task_queues:95:5)]
[TypeError: Cannot read properties of undefined (reading 'replace')
	at x.toAbsolutePath (c:\Users\10548\.vscode\extensions\cl.keil-assistant-1.6.2\dist\extension.js:1:8420)
	at I.<anonymous> (c:\Users\10548\.vscode\extensions\cl.keil-assistant-1.6.2\dist\extension.js:1:11269)
	at Generator.next (<anonymous>)
	at c:\Users\10548\.vscode\extensions\cl.keil-assistant-1.6.2\dist\extension.js:1:4542
	at new Promise (<anonymous>)
	at r (c:\Users\10548\.vscode\extensions\cl.keil-assistant-1.6.2\dist\extension.js:1:4287)
	at I.load (c:\Users\10548\.vscode\extensions\cl.keil-assistant-1.6.2\dist\extension.js:1:10382)
	at x.<anonymous> (c:\Users\10548\.vscode\extensions\cl.keil-assistant-1.6.2\dist\extension.js:1:8182)
	at Generator.next (<anonymous>)
	at a (c:\Users\10548\.vscode\extensions\cl.keil-assistant-1.6.2\dist\extension.js:1:4344)
	at process.processTicksAndRejections (node:internal/process/task_queues:95:5)]
[TypeError: Cannot read properties of undefined (reading 'replace')
	at x.toAbsolutePath (c:\Users\10548\.vscode\extensions\cl.keil-assistant-1.6.2\dist\extension.js:1:8420)
	at I.<anonymous> (c:\Users\10548\.vscode\extensions\cl.keil-assistant-1.6.2\dist\extension.js:1:11269)
	at Generator.next (<anonymous>)
	at c:\Users\10548\.vscode\extensions\cl.keil-assistant-1.6.2\dist\extension.js:1:4542
	at new Promise (<anonymous>)
	at r (c:\Users\10548\.vscode\extensions\cl.keil-assistant-1.6.2\dist\extension.js:1:4287)
	at I.load (c:\Users\10548\.vscode\extensions\cl.keil-assistant-1.6.2\dist\extension.js:1:10382)
	at x.<anonymous> (c:\Users\10548\.vscode\extensions\cl.keil-assistant-1.6.2\dist\extension.js:1:8182)
	at Generator.next (<anonymous>)
	at a (c:\Users\10548\.vscode\extensions\cl.keil-assistant-1.6.2\dist\extension.js:1:4344)
	at process.processTicksAndRejections (node:internal/process/task_queues:95:5)]
[TypeError: Cannot read properties of undefined (reading 'replace')
	at x.toAbsolutePath (c:\Users\10548\.vscode\extensions\cl.keil-assistant-1.6.2\dist\extension.js:1:8420)
	at I.<anonymous> (c:\Users\10548\.vscode\extensions\cl.keil-assistant-1.6.2\dist\extension.js:1:11269)
	at Generator.next (<anonymous>)
	at c:\Users\10548\.vscode\extensions\cl.keil-assistant-1.6.2\dist\extension.js:1:4542
	at new Promise (<anonymous>)
	at r (c:\Users\10548\.vscode\extensions\cl.keil-assistant-1.6.2\dist\extension.js:1:4287)
	at I.load (c:\Users\10548\.vscode\extensions\cl.keil-assistant-1.6.2\dist\extension.js:1:10382)
	at x.<anonymous> (c:\Users\10548\.vscode\extensions\cl.keil-assistant-1.6.2\dist\extension.js:1:8182)
	at Generator.next (<anonymous>)
	at a (c:\Users\10548\.vscode\extensions\cl.keil-assistant-1.6.2\dist\extension.js:1:4344)
	at process.processTicksAndRejections (node:internal/process/task_queues:95:5)]
[TypeError: Cannot read properties of undefined (reading 'replace')
	at x.toAbsolutePath (c:\Users\10548\.vscode\extensions\cl.keil-assistant-1.6.2\dist\extension.js:1:8420)
	at I.<anonymous> (c:\Users\10548\.vscode\extensions\cl.keil-assistant-1.6.2\dist\extension.js:1:11269)
	at Generator.next (<anonymous>)
	at c:\Users\10548\.vscode\extensions\cl.keil-assistant-1.6.2\dist\extension.js:1:4542
	at new Promise (<anonymous>)
	at r (c:\Users\10548\.vscode\extensions\cl.keil-assistant-1.6.2\dist\extension.js:1:4287)
	at I.load (c:\Users\10548\.vscode\extensions\cl.keil-assistant-1.6.2\dist\extension.js:1:10382)
	at x.<anonymous> (c:\Users\10548\.vscode\extensions\cl.keil-assistant-1.6.2\dist\extension.js:1:8182)
	at Generator.next (<anonymous>)
	at a (c:\Users\10548\.vscode\extensions\cl.keil-assistant-1.6.2\dist\extension.js:1:4344)
	at process.processTicksAndRejections (node:internal/process/task_queues:95:5)]
[TypeError: Cannot read properties of undefined (reading 'replace')
	at x.toAbsolutePath (c:\Users\10548\.vscode\extensions\cl.keil-assistant-1.6.2\dist\extension.js:1:8420)
	at I.<anonymous> (c:\Users\10548\.vscode\extensions\cl.keil-assistant-1.6.2\dist\extension.js:1:11269)
	at Generator.next (<anonymous>)
	at c:\Users\10548\.vscode\extensions\cl.keil-assistant-1.6.2\dist\extension.js:1:4542
	at new Promise (<anonymous>)
	at r (c:\Users\10548\.vscode\extensions\cl.keil-assistant-1.6.2\dist\extension.js:1:4287)
	at I.load (c:\Users\10548\.vscode\extensions\cl.keil-assistant-1.6.2\dist\extension.js:1:10382)
	at x.<anonymous> (c:\Users\10548\.vscode\extensions\cl.keil-assistant-1.6.2\dist\extension.js:1:8182)
	at Generator.next (<anonymous>)
	at a (c:\Users\10548\.vscode\extensions\cl.keil-assistant-1.6.2\dist\extension.js:1:4344)
	at process.processTicksAndRejections (node:internal/process/task_queues:95:5)]
[TypeError: Cannot read properties of undefined (reading 'replace')
	at x.toAbsolutePath (c:\Users\10548\.vscode\extensions\cl.keil-assistant-1.6.2\dist\extension.js:1:8420)
	at I.<anonymous> (c:\Users\10548\.vscode\extensions\cl.keil-assistant-1.6.2\dist\extension.js:1:11269)
	at Generator.next (<anonymous>)
	at c:\Users\10548\.vscode\extensions\cl.keil-assistant-1.6.2\dist\extension.js:1:4542
	at new Promise (<anonymous>)
	at r (c:\Users\10548\.vscode\extensions\cl.keil-assistant-1.6.2\dist\extension.js:1:4287)
	at I.load (c:\Users\10548\.vscode\extensions\cl.keil-assistant-1.6.2\dist\extension.js:1:10382)
	at x.<anonymous> (c:\Users\10548\.vscode\extensions\cl.keil-assistant-1.6.2\dist\extension.js:1:8182)
	at Generator.next (<anonymous>)
	at a (c:\Users\10548\.vscode\extensions\cl.keil-assistant-1.6.2\dist\extension.js:1:4344)
	at process.processTicksAndRejections (node:internal/process/task_queues:95:5)]
[TypeError: Cannot read properties of undefined (reading 'replace')
	at x.toAbsolutePath (c:\Users\10548\.vscode\extensions\cl.keil-assistant-1.6.2\dist\extension.js:1:8420)
	at I.<anonymous> (c:\Users\10548\.vscode\extensions\cl.keil-assistant-1.6.2\dist\extension.js:1:11269)
	at Generator.next (<anonymous>)
	at c:\Users\10548\.vscode\extensions\cl.keil-assistant-1.6.2\dist\extension.js:1:4542
	at new Promise (<anonymous>)
	at r (c:\Users\10548\.vscode\extensions\cl.keil-assistant-1.6.2\dist\extension.js:1:4287)
	at I.load (c:\Users\10548\.vscode\extensions\cl.keil-assistant-1.6.2\dist\extension.js:1:10382)
	at x.<anonymous> (c:\Users\10548\.vscode\extensions\cl.keil-assistant-1.6.2\dist\extension.js:1:8182)
	at Generator.next (<anonymous>)
	at a (c:\Users\10548\.vscode\extensions\cl.keil-assistant-1.6.2\dist\extension.js:1:4344)
	at process.processTicksAndRejections (node:internal/process/task_queues:95:5)]
[TypeError: Cannot read properties of undefined (reading 'replace')
	at x.toAbsolutePath (c:\Users\10548\.vscode\extensions\cl.keil-assistant-1.6.2\dist\extension.js:1:8420)
	at I.<anonymous> (c:\Users\10548\.vscode\extensions\cl.keil-assistant-1.6.2\dist\extension.js:1:11269)
	at Generator.next (<anonymous>)
	at c:\Users\10548\.vscode\extensions\cl.keil-assistant-1.6.2\dist\extension.js:1:4542
	at new Promise (<anonymous>)
	at r (c:\Users\10548\.vscode\extensions\cl.keil-assistant-1.6.2\dist\extension.js:1:4287)
	at I.load (c:\Users\10548\.vscode\extensions\cl.keil-assistant-1.6.2\dist\extension.js:1:10382)
	at x.<anonymous> (c:\Users\10548\.vscode\extensions\cl.keil-assistant-1.6.2\dist\extension.js:1:8182)
	at Generator.next (<anonymous>)
	at a (c:\Users\10548\.vscode\extensions\cl.keil-assistant-1.6.2\dist\extension.js:1:4344)
	at process.processTicksAndRejections (node:internal/process/task_queues:95:5)]
[TypeError: Cannot read properties of undefined (reading 'replace')
	at x.toAbsolutePath (c:\Users\10548\.vscode\extensions\cl.keil-assistant-1.6.2\dist\extension.js:1:8420)
	at I.<anonymous> (c:\Users\10548\.vscode\extensions\cl.keil-assistant-1.6.2\dist\extension.js:1:11269)
	at Generator.next (<anonymous>)
	at c:\Users\10548\.vscode\extensions\cl.keil-assistant-1.6.2\dist\extension.js:1:4542
	at new Promise (<anonymous>)
	at r (c:\Users\10548\.vscode\extensions\cl.keil-assistant-1.6.2\dist\extension.js:1:4287)
	at I.load (c:\Users\10548\.vscode\extensions\cl.keil-assistant-1.6.2\dist\extension.js:1:10382)
	at x.<anonymous> (c:\Users\10548\.vscode\extensions\cl.keil-assistant-1.6.2\dist\extension.js:1:8182)
	at Generator.next (<anonymous>)
	at a (c:\Users\10548\.vscode\extensions\cl.keil-assistant-1.6.2\dist\extension.js:1:4344)
	at process.processTicksAndRejections (node:internal/process/task_queues:95:5)]
[TypeError: Cannot read properties of undefined (reading 'replace')
	at x.toAbsolutePath (c:\Users\10548\.vscode\extensions\cl.keil-assistant-1.6.2\dist\extension.js:1:8420)
	at I.<anonymous> (c:\Users\10548\.vscode\extensions\cl.keil-assistant-1.6.2\dist\extension.js:1:11269)
	at Generator.next (<anonymous>)
	at c:\Users\10548\.vscode\extensions\cl.keil-assistant-1.6.2\dist\extension.js:1:4542
	at new Promise (<anonymous>)
	at r (c:\Users\10548\.vscode\extensions\cl.keil-assistant-1.6.2\dist\extension.js:1:4287)
	at I.load (c:\Users\10548\.vscode\extensions\cl.keil-assistant-1.6.2\dist\extension.js:1:10382)
	at x.<anonymous> (c:\Users\10548\.vscode\extensions\cl.keil-assistant-1.6.2\dist\extension.js:1:8182)
	at Generator.next (<anonymous>)
	at a (c:\Users\10548\.vscode\extensions\cl.keil-assistant-1.6.2\dist\extension.js:1:4344)
	at process.processTicksAndRejections (node:internal/process/task_queues:95:5)]
[TypeError: Cannot read properties of undefined (reading 'replace')
	at x.toAbsolutePath (c:\Users\10548\.vscode\extensions\cl.keil-assistant-1.6.2\dist\extension.js:1:8420)
	at I.<anonymous> (c:\Users\10548\.vscode\extensions\cl.keil-assistant-1.6.2\dist\extension.js:1:11269)
	at Generator.next (<anonymous>)
	at c:\Users\10548\.vscode\extensions\cl.keil-assistant-1.6.2\dist\extension.js:1:4542
	at new Promise (<anonymous>)
	at r (c:\Users\10548\.vscode\extensions\cl.keil-assistant-1.6.2\dist\extension.js:1:4287)
	at I.load (c:\Users\10548\.vscode\extensions\cl.keil-assistant-1.6.2\dist\extension.js:1:10382)
	at x.<anonymous> (c:\Users\10548\.vscode\extensions\cl.keil-assistant-1.6.2\dist\extension.js:1:8182)
	at Generator.next (<anonymous>)
	at a (c:\Users\10548\.vscode\extensions\cl.keil-assistant-1.6.2\dist\extension.js:1:4344)
	at process.processTicksAndRejections (node:internal/process/task_queues:95:5)]
[TypeError: Cannot read properties of undefined (reading 'replace')
	at x.toAbsolutePath (c:\Users\10548\.vscode\extensions\cl.keil-assistant-1.6.2\dist\extension.js:1:8420)
	at I.<anonymous> (c:\Users\10548\.vscode\extensions\cl.keil-assistant-1.6.2\dist\extension.js:1:11269)
	at Generator.next (<anonymous>)
	at c:\Users\10548\.vscode\extensions\cl.keil-assistant-1.6.2\dist\extension.js:1:4542
	at new Promise (<anonymous>)
	at r (c:\Users\10548\.vscode\extensions\cl.keil-assistant-1.6.2\dist\extension.js:1:4287)
	at I.load (c:\Users\10548\.vscode\extensions\cl.keil-assistant-1.6.2\dist\extension.js:1:10382)
	at x.<anonymous> (c:\Users\10548\.vscode\extensions\cl.keil-assistant-1.6.2\dist\extension.js:1:8182)
	at Generator.next (<anonymous>)
	at a (c:\Users\10548\.vscode\extensions\cl.keil-assistant-1.6.2\dist\extension.js:1:4344)
	at process.processTicksAndRejections (node:internal/process/task_queues:95:5)]
[TypeError: Cannot read properties of undefined (reading 'replace')
	at x.toAbsolutePath (c:\Users\10548\.vscode\extensions\cl.keil-assistant-1.6.2\dist\extension.js:1:8420)
	at I.<anonymous> (c:\Users\10548\.vscode\extensions\cl.keil-assistant-1.6.2\dist\extension.js:1:11269)
	at Generator.next (<anonymous>)
	at c:\Users\10548\.vscode\extensions\cl.keil-assistant-1.6.2\dist\extension.js:1:4542
	at new Promise (<anonymous>)
	at r (c:\Users\10548\.vscode\extensions\cl.keil-assistant-1.6.2\dist\extension.js:1:4287)
	at I.load (c:\Users\10548\.vscode\extensions\cl.keil-assistant-1.6.2\dist\extension.js:1:10382)
	at x.<anonymous> (c:\Users\10548\.vscode\extensions\cl.keil-assistant-1.6.2\dist\extension.js:1:8182)
	at Generator.next (<anonymous>)
	at a (c:\Users\10548\.vscode\extensions\cl.keil-assistant-1.6.2\dist\extension.js:1:4344)
	at process.processTicksAndRejections (node:internal/process/task_queues:95:5)]
[TypeError: Cannot read properties of undefined (reading 'replace')
	at x.toAbsolutePath (c:\Users\10548\.vscode\extensions\cl.keil-assistant-1.6.2\dist\extension.js:1:8420)
	at I.<anonymous> (c:\Users\10548\.vscode\extensions\cl.keil-assistant-1.6.2\dist\extension.js:1:11269)
	at Generator.next (<anonymous>)
	at c:\Users\10548\.vscode\extensions\cl.keil-assistant-1.6.2\dist\extension.js:1:4542
	at new Promise (<anonymous>)
	at r (c:\Users\10548\.vscode\extensions\cl.keil-assistant-1.6.2\dist\extension.js:1:4287)
	at I.load (c:\Users\10548\.vscode\extensions\cl.keil-assistant-1.6.2\dist\extension.js:1:10382)
	at x.<anonymous> (c:\Users\10548\.vscode\extensions\cl.keil-assistant-1.6.2\dist\extension.js:1:8182)
	at Generator.next (<anonymous>)
	at a (c:\Users\10548\.vscode\extensions\cl.keil-assistant-1.6.2\dist\extension.js:1:4344)]
[TypeError: Cannot read properties of undefined (reading 'replace')
	at x.toAbsolutePath (c:\Users\10548\.vscode\extensions\cl.keil-assistant-1.6.2\dist\extension.js:1:8420)
	at I.<anonymous> (c:\Users\10548\.vscode\extensions\cl.keil-assistant-1.6.2\dist\extension.js:1:11269)
	at Generator.next (<anonymous>)
	at c:\Users\10548\.vscode\extensions\cl.keil-assistant-1.6.2\dist\extension.js:1:4542
	at new Promise (<anonymous>)
	at r (c:\Users\10548\.vscode\extensions\cl.keil-assistant-1.6.2\dist\extension.js:1:4287)
	at I.load (c:\Users\10548\.vscode\extensions\cl.keil-assistant-1.6.2\dist\extension.js:1:10382)
	at x.<anonymous> (c:\Users\10548\.vscode\extensions\cl.keil-assistant-1.6.2\dist\extension.js:1:8182)
	at Generator.next (<anonymous>)
	at a (c:\Users\10548\.vscode\extensions\cl.keil-assistant-1.6.2\dist\extension.js:1:4344)
	at process.processTicksAndRejections (node:internal/process/task_queues:95:5)]
[TypeError: Cannot read properties of undefined (reading 'replace')
	at x.toAbsolutePath (c:\Users\10548\.vscode\extensions\cl.keil-assistant-1.6.2\dist\extension.js:1:8420)
	at I.<anonymous> (c:\Users\10548\.vscode\extensions\cl.keil-assistant-1.6.2\dist\extension.js:1:11269)
	at Generator.next (<anonymous>)
	at c:\Users\10548\.vscode\extensions\cl.keil-assistant-1.6.2\dist\extension.js:1:4542
	at new Promise (<anonymous>)
	at r (c:\Users\10548\.vscode\extensions\cl.keil-assistant-1.6.2\dist\extension.js:1:4287)
	at I.load (c:\Users\10548\.vscode\extensions\cl.keil-assistant-1.6.2\dist\extension.js:1:10382)
	at x.<anonymous> (c:\Users\10548\.vscode\extensions\cl.keil-assistant-1.6.2\dist\extension.js:1:8182)
	at Generator.next (<anonymous>)
	at a (c:\Users\10548\.vscode\extensions\cl.keil-assistant-1.6.2\dist\extension.js:1:4344)
	at process.processTicksAndRejections (node:internal/process/task_queues:95:5)]
[TypeError: Cannot read properties of undefined (reading 'replace')
	at x.toAbsolutePath (c:\Users\10548\.vscode\extensions\cl.keil-assistant-1.6.2\dist\extension.js:1:8420)
	at I.<anonymous> (c:\Users\10548\.vscode\extensions\cl.keil-assistant-1.6.2\dist\extension.js:1:11269)
	at Generator.next (<anonymous>)
	at c:\Users\10548\.vscode\extensions\cl.keil-assistant-1.6.2\dist\extension.js:1:4542
	at new Promise (<anonymous>)
	at r (c:\Users\10548\.vscode\extensions\cl.keil-assistant-1.6.2\dist\extension.js:1:4287)
	at I.load (c:\Users\10548\.vscode\extensions\cl.keil-assistant-1.6.2\dist\extension.js:1:10382)
	at x.<anonymous> (c:\Users\10548\.vscode\extensions\cl.keil-assistant-1.6.2\dist\extension.js:1:8182)
	at Generator.next (<anonymous>)
	at a (c:\Users\10548\.vscode\extensions\cl.keil-assistant-1.6.2\dist\extension.js:1:4344)
	at process.processTicksAndRejections (node:internal/process/task_queues:95:5)]
[TypeError: Cannot read properties of undefined (reading 'replace')
	at x.toAbsolutePath (c:\Users\10548\.vscode\extensions\cl.keil-assistant-1.6.2\dist\extension.js:1:8420)
	at I.<anonymous> (c:\Users\10548\.vscode\extensions\cl.keil-assistant-1.6.2\dist\extension.js:1:11269)
	at Generator.next (<anonymous>)
	at c:\Users\10548\.vscode\extensions\cl.keil-assistant-1.6.2\dist\extension.js:1:4542
	at new Promise (<anonymous>)
	at r (c:\Users\10548\.vscode\extensions\cl.keil-assistant-1.6.2\dist\extension.js:1:4287)
	at I.load (c:\Users\10548\.vscode\extensions\cl.keil-assistant-1.6.2\dist\extension.js:1:10382)
	at x.<anonymous> (c:\Users\10548\.vscode\extensions\cl.keil-assistant-1.6.2\dist\extension.js:1:8182)
	at Generator.next (<anonymous>)
	at a (c:\Users\10548\.vscode\extensions\cl.keil-assistant-1.6.2\dist\extension.js:1:4344)
	at process.processTicksAndRejections (node:internal/process/task_queues:95:5)]
[TypeError: Cannot read properties of undefined (reading 'replace')
	at x.toAbsolutePath (c:\Users\10548\.vscode\extensions\cl.keil-assistant-1.6.2\dist\extension.js:1:8420)
	at I.<anonymous> (c:\Users\10548\.vscode\extensions\cl.keil-assistant-1.6.2\dist\extension.js:1:11269)
	at Generator.next (<anonymous>)
	at c:\Users\10548\.vscode\extensions\cl.keil-assistant-1.6.2\dist\extension.js:1:4542
	at new Promise (<anonymous>)
	at r (c:\Users\10548\.vscode\extensions\cl.keil-assistant-1.6.2\dist\extension.js:1:4287)
	at I.load (c:\Users\10548\.vscode\extensions\cl.keil-assistant-1.6.2\dist\extension.js:1:10382)
	at x.<anonymous> (c:\Users\10548\.vscode\extensions\cl.keil-assistant-1.6.2\dist\extension.js:1:8182)
	at Generator.next (<anonymous>)
	at a (c:\Users\10548\.vscode\extensions\cl.keil-assistant-1.6.2\dist\extension.js:1:4344)
	at process.processTicksAndRejections (node:internal/process/task_queues:95:5)]
[TypeError: Cannot read properties of undefined (reading 'replace')
	at x.toAbsolutePath (c:\Users\10548\.vscode\extensions\cl.keil-assistant-1.6.2\dist\extension.js:1:8420)
	at I.<anonymous> (c:\Users\10548\.vscode\extensions\cl.keil-assistant-1.6.2\dist\extension.js:1:11269)
	at Generator.next (<anonymous>)
	at c:\Users\10548\.vscode\extensions\cl.keil-assistant-1.6.2\dist\extension.js:1:4542
	at new Promise (<anonymous>)
	at r (c:\Users\10548\.vscode\extensions\cl.keil-assistant-1.6.2\dist\extension.js:1:4287)
	at I.load (c:\Users\10548\.vscode\extensions\cl.keil-assistant-1.6.2\dist\extension.js:1:10382)
	at x.<anonymous> (c:\Users\10548\.vscode\extensions\cl.keil-assistant-1.6.2\dist\extension.js:1:8182)
	at Generator.next (<anonymous>)
	at a (c:\Users\10548\.vscode\extensions\cl.keil-assistant-1.6.2\dist\extension.js:1:4344)
	at process.processTicksAndRejections (node:internal/process/task_queues:95:5)]
[TypeError: Cannot read properties of undefined (reading 'replace')
	at x.toAbsolutePath (c:\Users\10548\.vscode\extensions\cl.keil-assistant-1.6.2\dist\extension.js:1:8420)
	at I.<anonymous> (c:\Users\10548\.vscode\extensions\cl.keil-assistant-1.6.2\dist\extension.js:1:11269)
	at Generator.next (<anonymous>)
	at c:\Users\10548\.vscode\extensions\cl.keil-assistant-1.6.2\dist\extension.js:1:4542
	at new Promise (<anonymous>)
	at r (c:\Users\10548\.vscode\extensions\cl.keil-assistant-1.6.2\dist\extension.js:1:4287)
	at I.load (c:\Users\10548\.vscode\extensions\cl.keil-assistant-1.6.2\dist\extension.js:1:10382)
	at x.<anonymous> (c:\Users\10548\.vscode\extensions\cl.keil-assistant-1.6.2\dist\extension.js:1:8182)
	at Generator.next (<anonymous>)
	at a (c:\Users\10548\.vscode\extensions\cl.keil-assistant-1.6.2\dist\extension.js:1:4344)
	at process.processTicksAndRejections (node:internal/process/task_queues:95:5)]
[TypeError: Cannot read properties of undefined (reading 'replace')
	at x.toAbsolutePath (c:\Users\10548\.vscode\extensions\cl.keil-assistant-1.6.2\dist\extension.js:1:8420)
	at I.<anonymous> (c:\Users\10548\.vscode\extensions\cl.keil-assistant-1.6.2\dist\extension.js:1:11269)
	at Generator.next (<anonymous>)
	at c:\Users\10548\.vscode\extensions\cl.keil-assistant-1.6.2\dist\extension.js:1:4542
	at new Promise (<anonymous>)
	at r (c:\Users\10548\.vscode\extensions\cl.keil-assistant-1.6.2\dist\extension.js:1:4287)
	at I.load (c:\Users\10548\.vscode\extensions\cl.keil-assistant-1.6.2\dist\extension.js:1:10382)
	at x.<anonymous> (c:\Users\10548\.vscode\extensions\cl.keil-assistant-1.6.2\dist\extension.js:1:8182)
	at Generator.next (<anonymous>)
	at a (c:\Users\10548\.vscode\extensions\cl.keil-assistant-1.6.2\dist\extension.js:1:4344)
	at process.processTicksAndRejections (node:internal/process/task_queues:95:5)]
[TypeError: Cannot read properties of undefined (reading 'replace')
	at x.toAbsolutePath (c:\Users\10548\.vscode\extensions\cl.keil-assistant-1.6.2\dist\extension.js:1:8420)
	at I.<anonymous> (c:\Users\10548\.vscode\extensions\cl.keil-assistant-1.6.2\dist\extension.js:1:11269)
	at Generator.next (<anonymous>)
	at c:\Users\10548\.vscode\extensions\cl.keil-assistant-1.6.2\dist\extension.js:1:4542
	at new Promise (<anonymous>)
	at r (c:\Users\10548\.vscode\extensions\cl.keil-assistant-1.6.2\dist\extension.js:1:4287)
	at I.load (c:\Users\10548\.vscode\extensions\cl.keil-assistant-1.6.2\dist\extension.js:1:10382)
	at x.<anonymous> (c:\Users\10548\.vscode\extensions\cl.keil-assistant-1.6.2\dist\extension.js:1:8182)
	at Generator.next (<anonymous>)
	at a (c:\Users\10548\.vscode\extensions\cl.keil-assistant-1.6.2\dist\extension.js:1:4344)
	at process.processTicksAndRejections (node:internal/process/task_queues:95:5)]
[TypeError: Cannot read properties of undefined (reading 'replace')
	at x.toAbsolutePath (c:\Users\10548\.vscode\extensions\cl.keil-assistant-1.6.2\dist\extension.js:1:8420)
	at I.<anonymous> (c:\Users\10548\.vscode\extensions\cl.keil-assistant-1.6.2\dist\extension.js:1:11269)
	at Generator.next (<anonymous>)
	at c:\Users\10548\.vscode\extensions\cl.keil-assistant-1.6.2\dist\extension.js:1:4542
	at new Promise (<anonymous>)
	at r (c:\Users\10548\.vscode\extensions\cl.keil-assistant-1.6.2\dist\extension.js:1:4287)
	at I.load (c:\Users\10548\.vscode\extensions\cl.keil-assistant-1.6.2\dist\extension.js:1:10382)
	at x.<anonymous> (c:\Users\10548\.vscode\extensions\cl.keil-assistant-1.6.2\dist\extension.js:1:8182)
	at Generator.next (<anonymous>)
	at a (c:\Users\10548\.vscode\extensions\cl.keil-assistant-1.6.2\dist\extension.js:1:4344)
	at process.processTicksAndRejections (node:internal/process/task_queues:95:5)]
[TypeError: Cannot read properties of undefined (reading 'replace')
	at x.toAbsolutePath (c:\Users\10548\.vscode\extensions\cl.keil-assistant-1.6.2\dist\extension.js:1:8420)
	at I.<anonymous> (c:\Users\10548\.vscode\extensions\cl.keil-assistant-1.6.2\dist\extension.js:1:11269)
	at Generator.next (<anonymous>)
	at c:\Users\10548\.vscode\extensions\cl.keil-assistant-1.6.2\dist\extension.js:1:4542
	at new Promise (<anonymous>)
	at r (c:\Users\10548\.vscode\extensions\cl.keil-assistant-1.6.2\dist\extension.js:1:4287)
	at I.load (c:\Users\10548\.vscode\extensions\cl.keil-assistant-1.6.2\dist\extension.js:1:10382)
	at x.<anonymous> (c:\Users\10548\.vscode\extensions\cl.keil-assistant-1.6.2\dist\extension.js:1:8182)
	at Generator.next (<anonymous>)
	at a (c:\Users\10548\.vscode\extensions\cl.keil-assistant-1.6.2\dist\extension.js:1:4344)
	at process.processTicksAndRejections (node:internal/process/task_queues:95:5)]
[TypeError: Cannot read properties of undefined (reading 'replace')
	at x.toAbsolutePath (c:\Users\10548\.vscode\extensions\cl.keil-assistant-1.6.2\dist\extension.js:1:8420)
	at I.<anonymous> (c:\Users\10548\.vscode\extensions\cl.keil-assistant-1.6.2\dist\extension.js:1:11269)
	at Generator.next (<anonymous>)
	at c:\Users\10548\.vscode\extensions\cl.keil-assistant-1.6.2\dist\extension.js:1:4542
	at new Promise (<anonymous>)
	at r (c:\Users\10548\.vscode\extensions\cl.keil-assistant-1.6.2\dist\extension.js:1:4287)
	at I.load (c:\Users\10548\.vscode\extensions\cl.keil-assistant-1.6.2\dist\extension.js:1:10382)
	at x.<anonymous> (c:\Users\10548\.vscode\extensions\cl.keil-assistant-1.6.2\dist\extension.js:1:8182)
	at Generator.next (<anonymous>)
	at a (c:\Users\10548\.vscode\extensions\cl.keil-assistant-1.6.2\dist\extension.js:1:4344)
	at process.processTicksAndRejections (node:internal/process/task_queues:95:5)]
[TypeError: Cannot read properties of undefined (reading 'replace')
	at x.toAbsolutePath (c:\Users\10548\.vscode\extensions\cl.keil-assistant-1.6.2\dist\extension.js:1:8420)
	at I.<anonymous> (c:\Users\10548\.vscode\extensions\cl.keil-assistant-1.6.2\dist\extension.js:1:11269)
	at Generator.next (<anonymous>)
	at c:\Users\10548\.vscode\extensions\cl.keil-assistant-1.6.2\dist\extension.js:1:4542
	at new Promise (<anonymous>)
	at r (c:\Users\10548\.vscode\extensions\cl.keil-assistant-1.6.2\dist\extension.js:1:4287)
	at I.load (c:\Users\10548\.vscode\extensions\cl.keil-assistant-1.6.2\dist\extension.js:1:10382)
	at x.<anonymous> (c:\Users\10548\.vscode\extensions\cl.keil-assistant-1.6.2\dist\extension.js:1:8182)
	at Generator.next (<anonymous>)
	at a (c:\Users\10548\.vscode\extensions\cl.keil-assistant-1.6.2\dist\extension.js:1:4344)
	at process.processTicksAndRejections (node:internal/process/task_queues:95:5)]
[TypeError: Cannot read properties of undefined (reading 'replace')
	at x.toAbsolutePath (c:\Users\10548\.vscode\extensions\cl.keil-assistant-1.6.2\dist\extension.js:1:8420)
	at I.<anonymous> (c:\Users\10548\.vscode\extensions\cl.keil-assistant-1.6.2\dist\extension.js:1:11269)
	at Generator.next (<anonymous>)
	at c:\Users\10548\.vscode\extensions\cl.keil-assistant-1.6.2\dist\extension.js:1:4542
	at new Promise (<anonymous>)
	at r (c:\Users\10548\.vscode\extensions\cl.keil-assistant-1.6.2\dist\extension.js:1:4287)
	at I.load (c:\Users\10548\.vscode\extensions\cl.keil-assistant-1.6.2\dist\extension.js:1:10382)
	at x.<anonymous> (c:\Users\10548\.vscode\extensions\cl.keil-assistant-1.6.2\dist\extension.js:1:8182)
	at Generator.next (<anonymous>)
	at a (c:\Users\10548\.vscode\extensions\cl.keil-assistant-1.6.2\dist\extension.js:1:4344)
	at process.processTicksAndRejections (node:internal/process/task_queues:95:5)]
[TypeError: Cannot read properties of undefined (reading 'replace')
	at x.toAbsolutePath (c:\Users\10548\.vscode\extensions\cl.keil-assistant-1.6.2\dist\extension.js:1:8420)
	at I.<anonymous> (c:\Users\10548\.vscode\extensions\cl.keil-assistant-1.6.2\dist\extension.js:1:11269)
	at Generator.next (<anonymous>)
	at c:\Users\10548\.vscode\extensions\cl.keil-assistant-1.6.2\dist\extension.js:1:4542
	at new Promise (<anonymous>)
	at r (c:\Users\10548\.vscode\extensions\cl.keil-assistant-1.6.2\dist\extension.js:1:4287)
	at I.load (c:\Users\10548\.vscode\extensions\cl.keil-assistant-1.6.2\dist\extension.js:1:10382)
	at x.<anonymous> (c:\Users\10548\.vscode\extensions\cl.keil-assistant-1.6.2\dist\extension.js:1:8182)
	at Generator.next (<anonymous>)
	at a (c:\Users\10548\.vscode\extensions\cl.keil-assistant-1.6.2\dist\extension.js:1:4344)
	at process.processTicksAndRejections (node:internal/process/task_queues:95:5)]
[TypeError: Cannot read properties of undefined (reading 'replace')
	at x.toAbsolutePath (c:\Users\10548\.vscode\extensions\cl.keil-assistant-1.6.2\dist\extension.js:1:8420)
	at I.<anonymous> (c:\Users\10548\.vscode\extensions\cl.keil-assistant-1.6.2\dist\extension.js:1:11269)
	at Generator.next (<anonymous>)
	at c:\Users\10548\.vscode\extensions\cl.keil-assistant-1.6.2\dist\extension.js:1:4542
	at new Promise (<anonymous>)
	at r (c:\Users\10548\.vscode\extensions\cl.keil-assistant-1.6.2\dist\extension.js:1:4287)
	at I.load (c:\Users\10548\.vscode\extensions\cl.keil-assistant-1.6.2\dist\extension.js:1:10382)
	at x.<anonymous> (c:\Users\10548\.vscode\extensions\cl.keil-assistant-1.6.2\dist\extension.js:1:8182)
	at Generator.next (<anonymous>)
	at a (c:\Users\10548\.vscode\extensions\cl.keil-assistant-1.6.2\dist\extension.js:1:4344)
	at process.processTicksAndRejections (node:internal/process/task_queues:95:5)]
[TypeError: Cannot read properties of undefined (reading 'replace')
	at x.toAbsolutePath (c:\Users\10548\.vscode\extensions\cl.keil-assistant-1.6.2\dist\extension.js:1:8420)
	at I.<anonymous> (c:\Users\10548\.vscode\extensions\cl.keil-assistant-1.6.2\dist\extension.js:1:11269)
	at Generator.next (<anonymous>)
	at c:\Users\10548\.vscode\extensions\cl.keil-assistant-1.6.2\dist\extension.js:1:4542
	at new Promise (<anonymous>)
	at r (c:\Users\10548\.vscode\extensions\cl.keil-assistant-1.6.2\dist\extension.js:1:4287)
	at I.load (c:\Users\10548\.vscode\extensions\cl.keil-assistant-1.6.2\dist\extension.js:1:10382)
	at x.<anonymous> (c:\Users\10548\.vscode\extensions\cl.keil-assistant-1.6.2\dist\extension.js:1:8182)
	at Generator.next (<anonymous>)
	at a (c:\Users\10548\.vscode\extensions\cl.keil-assistant-1.6.2\dist\extension.js:1:4344)
	at process.processTicksAndRejections (node:internal/process/task_queues:95:5)]
[TypeError: Cannot read properties of undefined (reading 'replace')
	at x.toAbsolutePath (c:\Users\10548\.vscode\extensions\cl.keil-assistant-1.6.2\dist\extension.js:1:8420)
	at I.<anonymous> (c:\Users\10548\.vscode\extensions\cl.keil-assistant-1.6.2\dist\extension.js:1:11269)
	at Generator.next (<anonymous>)
	at c:\Users\10548\.vscode\extensions\cl.keil-assistant-1.6.2\dist\extension.js:1:4542
	at new Promise (<anonymous>)
	at r (c:\Users\10548\.vscode\extensions\cl.keil-assistant-1.6.2\dist\extension.js:1:4287)
	at I.load (c:\Users\10548\.vscode\extensions\cl.keil-assistant-1.6.2\dist\extension.js:1:10382)
	at x.<anonymous> (c:\Users\10548\.vscode\extensions\cl.keil-assistant-1.6.2\dist\extension.js:1:8182)
	at Generator.next (<anonymous>)
	at a (c:\Users\10548\.vscode\extensions\cl.keil-assistant-1.6.2\dist\extension.js:1:4344)
	at process.processTicksAndRejections (node:internal/process/task_queues:95:5)]
[TypeError: Cannot read properties of undefined (reading 'replace')
	at x.toAbsolutePath (c:\Users\10548\.vscode\extensions\cl.keil-assistant-1.6.2\dist\extension.js:1:8420)
	at I.<anonymous> (c:\Users\10548\.vscode\extensions\cl.keil-assistant-1.6.2\dist\extension.js:1:11269)
	at Generator.next (<anonymous>)
	at c:\Users\10548\.vscode\extensions\cl.keil-assistant-1.6.2\dist\extension.js:1:4542
	at new Promise (<anonymous>)
	at r (c:\Users\10548\.vscode\extensions\cl.keil-assistant-1.6.2\dist\extension.js:1:4287)
	at I.load (c:\Users\10548\.vscode\extensions\cl.keil-assistant-1.6.2\dist\extension.js:1:10382)
	at x.<anonymous> (c:\Users\10548\.vscode\extensions\cl.keil-assistant-1.6.2\dist\extension.js:1:8182)
	at Generator.next (<anonymous>)
	at a (c:\Users\10548\.vscode\extensions\cl.keil-assistant-1.6.2\dist\extension.js:1:4344)
	at process.processTicksAndRejections (node:internal/process/task_queues:95:5)]
[TypeError: Cannot read properties of undefined (reading 'replace')
	at x.toAbsolutePath (c:\Users\10548\.vscode\extensions\cl.keil-assistant-1.6.2\dist\extension.js:1:8420)
	at I.<anonymous> (c:\Users\10548\.vscode\extensions\cl.keil-assistant-1.6.2\dist\extension.js:1:11269)
	at Generator.next (<anonymous>)
	at c:\Users\10548\.vscode\extensions\cl.keil-assistant-1.6.2\dist\extension.js:1:4542
	at new Promise (<anonymous>)
	at r (c:\Users\10548\.vscode\extensions\cl.keil-assistant-1.6.2\dist\extension.js:1:4287)
	at I.load (c:\Users\10548\.vscode\extensions\cl.keil-assistant-1.6.2\dist\extension.js:1:10382)
	at x.<anonymous> (c:\Users\10548\.vscode\extensions\cl.keil-assistant-1.6.2\dist\extension.js:1:8182)
	at Generator.next (<anonymous>)
	at a (c:\Users\10548\.vscode\extensions\cl.keil-assistant-1.6.2\dist\extension.js:1:4344)
	at process.processTicksAndRejections (node:internal/process/task_queues:95:5)]
[TypeError: Cannot read properties of undefined (reading 'replace')
	at x.toAbsolutePath (c:\Users\10548\.vscode\extensions\cl.keil-assistant-1.6.2\dist\extension.js:1:8420)
	at I.<anonymous> (c:\Users\10548\.vscode\extensions\cl.keil-assistant-1.6.2\dist\extension.js:1:11269)
	at Generator.next (<anonymous>)
	at c:\Users\10548\.vscode\extensions\cl.keil-assistant-1.6.2\dist\extension.js:1:4542
	at new Promise (<anonymous>)
	at r (c:\Users\10548\.vscode\extensions\cl.keil-assistant-1.6.2\dist\extension.js:1:4287)
	at I.load (c:\Users\10548\.vscode\extensions\cl.keil-assistant-1.6.2\dist\extension.js:1:10382)
	at x.<anonymous> (c:\Users\10548\.vscode\extensions\cl.keil-assistant-1.6.2\dist\extension.js:1:8182)
	at Generator.next (<anonymous>)
	at a (c:\Users\10548\.vscode\extensions\cl.keil-assistant-1.6.2\dist\extension.js:1:4344)
	at process.processTicksAndRejections (node:internal/process/task_queues:95:5)]
[TypeError: Cannot read properties of undefined (reading 'replace')
	at x.toAbsolutePath (c:\Users\10548\.vscode\extensions\cl.keil-assistant-1.6.2\dist\extension.js:1:8420)
	at I.<anonymous> (c:\Users\10548\.vscode\extensions\cl.keil-assistant-1.6.2\dist\extension.js:1:11269)
	at Generator.next (<anonymous>)
	at c:\Users\10548\.vscode\extensions\cl.keil-assistant-1.6.2\dist\extension.js:1:4542
	at new Promise (<anonymous>)
	at r (c:\Users\10548\.vscode\extensions\cl.keil-assistant-1.6.2\dist\extension.js:1:4287)
	at I.load (c:\Users\10548\.vscode\extensions\cl.keil-assistant-1.6.2\dist\extension.js:1:10382)
	at x.<anonymous> (c:\Users\10548\.vscode\extensions\cl.keil-assistant-1.6.2\dist\extension.js:1:8182)
	at Generator.next (<anonymous>)
	at a (c:\Users\10548\.vscode\extensions\cl.keil-assistant-1.6.2\dist\extension.js:1:4344)
	at process.processTicksAndRejections (node:internal/process/task_queues:95:5)]
[TypeError: Cannot read properties of undefined (reading 'replace')
	at x.toAbsolutePath (c:\Users\10548\.vscode\extensions\cl.keil-assistant-1.6.2\dist\extension.js:1:8420)
	at I.<anonymous> (c:\Users\10548\.vscode\extensions\cl.keil-assistant-1.6.2\dist\extension.js:1:11269)
	at Generator.next (<anonymous>)
	at c:\Users\10548\.vscode\extensions\cl.keil-assistant-1.6.2\dist\extension.js:1:4542
	at new Promise (<anonymous>)
	at r (c:\Users\10548\.vscode\extensions\cl.keil-assistant-1.6.2\dist\extension.js:1:4287)
	at I.load (c:\Users\10548\.vscode\extensions\cl.keil-assistant-1.6.2\dist\extension.js:1:10382)
	at x.<anonymous> (c:\Users\10548\.vscode\extensions\cl.keil-assistant-1.6.2\dist\extension.js:1:8182)
	at Generator.next (<anonymous>)
	at a (c:\Users\10548\.vscode\extensions\cl.keil-assistant-1.6.2\dist\extension.js:1:4344)
	at process.processTicksAndRejections (node:internal/process/task_queues:95:5)]
[TypeError: Cannot read properties of undefined (reading 'replace')
	at x.toAbsolutePath (c:\Users\10548\.vscode\extensions\cl.keil-assistant-1.6.2\dist\extension.js:1:8420)
	at I.<anonymous> (c:\Users\10548\.vscode\extensions\cl.keil-assistant-1.6.2\dist\extension.js:1:11269)
	at Generator.next (<anonymous>)
	at c:\Users\10548\.vscode\extensions\cl.keil-assistant-1.6.2\dist\extension.js:1:4542
	at new Promise (<anonymous>)
	at r (c:\Users\10548\.vscode\extensions\cl.keil-assistant-1.6.2\dist\extension.js:1:4287)
	at I.load (c:\Users\10548\.vscode\extensions\cl.keil-assistant-1.6.2\dist\extension.js:1:10382)
	at x.<anonymous> (c:\Users\10548\.vscode\extensions\cl.keil-assistant-1.6.2\dist\extension.js:1:8182)
	at Generator.next (<anonymous>)
	at a (c:\Users\10548\.vscode\extensions\cl.keil-assistant-1.6.2\dist\extension.js:1:4344)
	at process.processTicksAndRejections (node:internal/process/task_queues:95:5)]
[TypeError: Cannot read properties of undefined (reading 'replace')
	at x.toAbsolutePath (c:\Users\10548\.vscode\extensions\cl.keil-assistant-1.6.2\dist\extension.js:1:8420)
	at I.<anonymous> (c:\Users\10548\.vscode\extensions\cl.keil-assistant-1.6.2\dist\extension.js:1:11269)
	at Generator.next (<anonymous>)
	at c:\Users\10548\.vscode\extensions\cl.keil-assistant-1.6.2\dist\extension.js:1:4542
	at new Promise (<anonymous>)
	at r (c:\Users\10548\.vscode\extensions\cl.keil-assistant-1.6.2\dist\extension.js:1:4287)
	at I.load (c:\Users\10548\.vscode\extensions\cl.keil-assistant-1.6.2\dist\extension.js:1:10382)
	at x.<anonymous> (c:\Users\10548\.vscode\extensions\cl.keil-assistant-1.6.2\dist\extension.js:1:8182)
	at Generator.next (<anonymous>)
	at a (c:\Users\10548\.vscode\extensions\cl.keil-assistant-1.6.2\dist\extension.js:1:4344)
	at process.processTicksAndRejections (node:internal/process/task_queues:95:5)]
[TypeError: Cannot read properties of undefined (reading 'replace')
	at x.toAbsolutePath (c:\Users\10548\.vscode\extensions\cl.keil-assistant-1.6.2\dist\extension.js:1:8420)
	at I.<anonymous> (c:\Users\10548\.vscode\extensions\cl.keil-assistant-1.6.2\dist\extension.js:1:11269)
	at Generator.next (<anonymous>)
	at c:\Users\10548\.vscode\extensions\cl.keil-assistant-1.6.2\dist\extension.js:1:4542
	at new Promise (<anonymous>)
	at r (c:\Users\10548\.vscode\extensions\cl.keil-assistant-1.6.2\dist\extension.js:1:4287)
	at I.load (c:\Users\10548\.vscode\extensions\cl.keil-assistant-1.6.2\dist\extension.js:1:10382)
	at x.<anonymous> (c:\Users\10548\.vscode\extensions\cl.keil-assistant-1.6.2\dist\extension.js:1:8182)
	at Generator.next (<anonymous>)
	at a (c:\Users\10548\.vscode\extensions\cl.keil-assistant-1.6.2\dist\extension.js:1:4344)
	at process.processTicksAndRejections (node:internal/process/task_queues:95:5)]
[TypeError: Cannot read properties of undefined (reading 'replace')
	at x.toAbsolutePath (c:\Users\10548\.vscode\extensions\cl.keil-assistant-1.6.2\dist\extension.js:1:8420)
	at I.<anonymous> (c:\Users\10548\.vscode\extensions\cl.keil-assistant-1.6.2\dist\extension.js:1:11269)
	at Generator.next (<anonymous>)
	at c:\Users\10548\.vscode\extensions\cl.keil-assistant-1.6.2\dist\extension.js:1:4542
	at new Promise (<anonymous>)
	at r (c:\Users\10548\.vscode\extensions\cl.keil-assistant-1.6.2\dist\extension.js:1:4287)
	at I.load (c:\Users\10548\.vscode\extensions\cl.keil-assistant-1.6.2\dist\extension.js:1:10382)
	at x.<anonymous> (c:\Users\10548\.vscode\extensions\cl.keil-assistant-1.6.2\dist\extension.js:1:8182)
	at Generator.next (<anonymous>)
	at a (c:\Users\10548\.vscode\extensions\cl.keil-assistant-1.6.2\dist\extension.js:1:4344)
	at process.processTicksAndRejections (node:internal/process/task_queues:95:5)]
[TypeError: Cannot read properties of undefined (reading 'replace')
	at x.toAbsolutePath (c:\Users\10548\.vscode\extensions\cl.keil-assistant-1.6.2\dist\extension.js:1:8420)
	at I.<anonymous> (c:\Users\10548\.vscode\extensions\cl.keil-assistant-1.6.2\dist\extension.js:1:11269)
	at Generator.next (<anonymous>)
	at c:\Users\10548\.vscode\extensions\cl.keil-assistant-1.6.2\dist\extension.js:1:4542
	at new Promise (<anonymous>)
	at r (c:\Users\10548\.vscode\extensions\cl.keil-assistant-1.6.2\dist\extension.js:1:4287)
	at I.load (c:\Users\10548\.vscode\extensions\cl.keil-assistant-1.6.2\dist\extension.js:1:10382)
	at x.<anonymous> (c:\Users\10548\.vscode\extensions\cl.keil-assistant-1.6.2\dist\extension.js:1:8182)
	at Generator.next (<anonymous>)
	at a (c:\Users\10548\.vscode\extensions\cl.keil-assistant-1.6.2\dist\extension.js:1:4344)
	at process.processTicksAndRejections (node:internal/process/task_queues:95:5)]
[TypeError: Cannot read properties of undefined (reading 'replace')
	at x.toAbsolutePath (c:\Users\10548\.vscode\extensions\cl.keil-assistant-1.6.2\dist\extension.js:1:8420)
	at I.<anonymous> (c:\Users\10548\.vscode\extensions\cl.keil-assistant-1.6.2\dist\extension.js:1:11269)
	at Generator.next (<anonymous>)
	at c:\Users\10548\.vscode\extensions\cl.keil-assistant-1.6.2\dist\extension.js:1:4542
	at new Promise (<anonymous>)
	at r (c:\Users\10548\.vscode\extensions\cl.keil-assistant-1.6.2\dist\extension.js:1:4287)
	at I.load (c:\Users\10548\.vscode\extensions\cl.keil-assistant-1.6.2\dist\extension.js:1:10382)
	at x.<anonymous> (c:\Users\10548\.vscode\extensions\cl.keil-assistant-1.6.2\dist\extension.js:1:8182)
	at Generator.next (<anonymous>)
	at a (c:\Users\10548\.vscode\extensions\cl.keil-assistant-1.6.2\dist\extension.js:1:4344)
	at process.processTicksAndRejections (node:internal/process/task_queues:95:5)]
[TypeError: Cannot read properties of undefined (reading 'replace')
	at x.toAbsolutePath (c:\Users\10548\.vscode\extensions\cl.keil-assistant-1.6.2\dist\extension.js:1:8420)
	at I.<anonymous> (c:\Users\10548\.vscode\extensions\cl.keil-assistant-1.6.2\dist\extension.js:1:11269)
	at Generator.next (<anonymous>)
	at c:\Users\10548\.vscode\extensions\cl.keil-assistant-1.6.2\dist\extension.js:1:4542
	at new Promise (<anonymous>)
	at r (c:\Users\10548\.vscode\extensions\cl.keil-assistant-1.6.2\dist\extension.js:1:4287)
	at I.load (c:\Users\10548\.vscode\extensions\cl.keil-assistant-1.6.2\dist\extension.js:1:10382)
	at x.<anonymous> (c:\Users\10548\.vscode\extensions\cl.keil-assistant-1.6.2\dist\extension.js:1:8182)
	at Generator.next (<anonymous>)
	at a (c:\Users\10548\.vscode\extensions\cl.keil-assistant-1.6.2\dist\extension.js:1:4344)
	at process.processTicksAndRejections (node:internal/process/task_queues:95:5)]
[TypeError: Cannot read properties of undefined (reading 'replace')
	at x.toAbsolutePath (c:\Users\10548\.vscode\extensions\cl.keil-assistant-1.6.2\dist\extension.js:1:8420)
	at I.<anonymous> (c:\Users\10548\.vscode\extensions\cl.keil-assistant-1.6.2\dist\extension.js:1:11269)
	at Generator.next (<anonymous>)
	at c:\Users\10548\.vscode\extensions\cl.keil-assistant-1.6.2\dist\extension.js:1:4542
	at new Promise (<anonymous>)
	at r (c:\Users\10548\.vscode\extensions\cl.keil-assistant-1.6.2\dist\extension.js:1:4287)
	at I.load (c:\Users\10548\.vscode\extensions\cl.keil-assistant-1.6.2\dist\extension.js:1:10382)
	at x.<anonymous> (c:\Users\10548\.vscode\extensions\cl.keil-assistant-1.6.2\dist\extension.js:1:8182)
	at Generator.next (<anonymous>)
	at a (c:\Users\10548\.vscode\extensions\cl.keil-assistant-1.6.2\dist\extension.js:1:4344)
	at process.processTicksAndRejections (node:internal/process/task_queues:95:5)]
[TypeError: Cannot read properties of undefined (reading 'replace')
	at x.toAbsolutePath (c:\Users\10548\.vscode\extensions\cl.keil-assistant-1.6.2\dist\extension.js:1:8420)
	at I.<anonymous> (c:\Users\10548\.vscode\extensions\cl.keil-assistant-1.6.2\dist\extension.js:1:11269)
	at Generator.next (<anonymous>)
	at c:\Users\10548\.vscode\extensions\cl.keil-assistant-1.6.2\dist\extension.js:1:4542
	at new Promise (<anonymous>)
	at r (c:\Users\10548\.vscode\extensions\cl.keil-assistant-1.6.2\dist\extension.js:1:4287)
	at I.load (c:\Users\10548\.vscode\extensions\cl.keil-assistant-1.6.2\dist\extension.js:1:10382)
	at x.<anonymous> (c:\Users\10548\.vscode\extensions\cl.keil-assistant-1.6.2\dist\extension.js:1:8182)
	at Generator.next (<anonymous>)
	at a (c:\Users\10548\.vscode\extensions\cl.keil-assistant-1.6.2\dist\extension.js:1:4344)
	at process.processTicksAndRejections (node:internal/process/task_queues:95:5)]
[TypeError: Cannot read properties of undefined (reading 'replace')
	at x.toAbsolutePath (c:\Users\10548\.vscode\extensions\cl.keil-assistant-1.6.2\dist\extension.js:1:8420)
	at I.<anonymous> (c:\Users\10548\.vscode\extensions\cl.keil-assistant-1.6.2\dist\extension.js:1:11269)
	at Generator.next (<anonymous>)
	at c:\Users\10548\.vscode\extensions\cl.keil-assistant-1.6.2\dist\extension.js:1:4542
	at new Promise (<anonymous>)
	at r (c:\Users\10548\.vscode\extensions\cl.keil-assistant-1.6.2\dist\extension.js:1:4287)
	at I.load (c:\Users\10548\.vscode\extensions\cl.keil-assistant-1.6.2\dist\extension.js:1:10382)
	at x.<anonymous> (c:\Users\10548\.vscode\extensions\cl.keil-assistant-1.6.2\dist\extension.js:1:8182)
	at Generator.next (<anonymous>)
	at a (c:\Users\10548\.vscode\extensions\cl.keil-assistant-1.6.2\dist\extension.js:1:4344)
	at process.processTicksAndRejections (node:internal/process/task_queues:95:5)]
[TypeError: Cannot read properties of undefined (reading 'replace')
	at x.toAbsolutePath (c:\Users\10548\.vscode\extensions\cl.keil-assistant-1.6.2\dist\extension.js:1:8420)
	at I.<anonymous> (c:\Users\10548\.vscode\extensions\cl.keil-assistant-1.6.2\dist\extension.js:1:11269)
	at Generator.next (<anonymous>)
	at c:\Users\10548\.vscode\extensions\cl.keil-assistant-1.6.2\dist\extension.js:1:4542
	at new Promise (<anonymous>)
	at r (c:\Users\10548\.vscode\extensions\cl.keil-assistant-1.6.2\dist\extension.js:1:4287)
	at I.load (c:\Users\10548\.vscode\extensions\cl.keil-assistant-1.6.2\dist\extension.js:1:10382)
	at x.<anonymous> (c:\Users\10548\.vscode\extensions\cl.keil-assistant-1.6.2\dist\extension.js:1:8182)
	at Generator.next (<anonymous>)
	at a (c:\Users\10548\.vscode\extensions\cl.keil-assistant-1.6.2\dist\extension.js:1:4344)
	at process.processTicksAndRejections (node:internal/process/task_queues:95:5)]
[TypeError: Cannot read properties of undefined (reading 'replace')
	at x.toAbsolutePath (c:\Users\10548\.vscode\extensions\cl.keil-assistant-1.6.2\dist\extension.js:1:8420)
	at I.<anonymous> (c:\Users\10548\.vscode\extensions\cl.keil-assistant-1.6.2\dist\extension.js:1:11269)
	at Generator.next (<anonymous>)
	at c:\Users\10548\.vscode\extensions\cl.keil-assistant-1.6.2\dist\extension.js:1:4542
	at new Promise (<anonymous>)
	at r (c:\Users\10548\.vscode\extensions\cl.keil-assistant-1.6.2\dist\extension.js:1:4287)
	at I.load (c:\Users\10548\.vscode\extensions\cl.keil-assistant-1.6.2\dist\extension.js:1:10382)
	at x.<anonymous> (c:\Users\10548\.vscode\extensions\cl.keil-assistant-1.6.2\dist\extension.js:1:8182)
	at Generator.next (<anonymous>)
	at a (c:\Users\10548\.vscode\extensions\cl.keil-assistant-1.6.2\dist\extension.js:1:4344)
	at process.processTicksAndRejections (node:internal/process/task_queues:95:5)]
[TypeError: Cannot read properties of undefined (reading 'replace')
	at x.toAbsolutePath (c:\Users\10548\.vscode\extensions\cl.keil-assistant-1.6.2\dist\extension.js:1:8420)
	at I.<anonymous> (c:\Users\10548\.vscode\extensions\cl.keil-assistant-1.6.2\dist\extension.js:1:11269)
	at Generator.next (<anonymous>)
	at c:\Users\10548\.vscode\extensions\cl.keil-assistant-1.6.2\dist\extension.js:1:4542
	at new Promise (<anonymous>)
	at r (c:\Users\10548\.vscode\extensions\cl.keil-assistant-1.6.2\dist\extension.js:1:4287)
	at I.load (c:\Users\10548\.vscode\extensions\cl.keil-assistant-1.6.2\dist\extension.js:1:10382)
	at x.<anonymous> (c:\Users\10548\.vscode\extensions\cl.keil-assistant-1.6.2\dist\extension.js:1:8182)
	at Generator.next (<anonymous>)
	at a (c:\Users\10548\.vscode\extensions\cl.keil-assistant-1.6.2\dist\extension.js:1:4344)
	at process.processTicksAndRejections (node:internal/process/task_queues:95:5)]
[TypeError: Cannot read properties of undefined (reading 'replace')
	at x.toAbsolutePath (c:\Users\10548\.vscode\extensions\cl.keil-assistant-1.6.2\dist\extension.js:1:8420)
	at I.<anonymous> (c:\Users\10548\.vscode\extensions\cl.keil-assistant-1.6.2\dist\extension.js:1:11269)
	at Generator.next (<anonymous>)
	at c:\Users\10548\.vscode\extensions\cl.keil-assistant-1.6.2\dist\extension.js:1:4542
	at new Promise (<anonymous>)
	at r (c:\Users\10548\.vscode\extensions\cl.keil-assistant-1.6.2\dist\extension.js:1:4287)
	at I.load (c:\Users\10548\.vscode\extensions\cl.keil-assistant-1.6.2\dist\extension.js:1:10382)
	at x.<anonymous> (c:\Users\10548\.vscode\extensions\cl.keil-assistant-1.6.2\dist\extension.js:1:8182)
	at Generator.next (<anonymous>)
	at a (c:\Users\10548\.vscode\extensions\cl.keil-assistant-1.6.2\dist\extension.js:1:4344)]
[TypeError: Cannot read properties of undefined (reading 'replace')
	at x.toAbsolutePath (c:\Users\10548\.vscode\extensions\cl.keil-assistant-1.6.2\dist\extension.js:1:8420)
	at I.<anonymous> (c:\Users\10548\.vscode\extensions\cl.keil-assistant-1.6.2\dist\extension.js:1:11269)
	at Generator.next (<anonymous>)
	at c:\Users\10548\.vscode\extensions\cl.keil-assistant-1.6.2\dist\extension.js:1:4542
	at new Promise (<anonymous>)
	at r (c:\Users\10548\.vscode\extensions\cl.keil-assistant-1.6.2\dist\extension.js:1:4287)
	at I.load (c:\Users\10548\.vscode\extensions\cl.keil-assistant-1.6.2\dist\extension.js:1:10382)
	at x.<anonymous> (c:\Users\10548\.vscode\extensions\cl.keil-assistant-1.6.2\dist\extension.js:1:8182)
	at Generator.next (<anonymous>)
	at a (c:\Users\10548\.vscode\extensions\cl.keil-assistant-1.6.2\dist\extension.js:1:4344)]
[TypeError: Cannot read properties of undefined (reading 'replace')
	at x.toAbsolutePath (c:\Users\10548\.vscode\extensions\cl.keil-assistant-1.6.2\dist\extension.js:1:8420)
	at I.<anonymous> (c:\Users\10548\.vscode\extensions\cl.keil-assistant-1.6.2\dist\extension.js:1:11269)
	at Generator.next (<anonymous>)
	at c:\Users\10548\.vscode\extensions\cl.keil-assistant-1.6.2\dist\extension.js:1:4542
	at new Promise (<anonymous>)
	at r (c:\Users\10548\.vscode\extensions\cl.keil-assistant-1.6.2\dist\extension.js:1:4287)
	at I.load (c:\Users\10548\.vscode\extensions\cl.keil-assistant-1.6.2\dist\extension.js:1:10382)
	at x.<anonymous> (c:\Users\10548\.vscode\extensions\cl.keil-assistant-1.6.2\dist\extension.js:1:8182)
	at Generator.next (<anonymous>)
	at a (c:\Users\10548\.vscode\extensions\cl.keil-assistant-1.6.2\dist\extension.js:1:4344)
	at process.processTicksAndRejections (node:internal/process/task_queues:95:5)]
[TypeError: Cannot read properties of undefined (reading 'replace')
	at x.toAbsolutePath (c:\Users\10548\.vscode\extensions\cl.keil-assistant-1.6.2\dist\extension.js:1:8420)
	at I.<anonymous> (c:\Users\10548\.vscode\extensions\cl.keil-assistant-1.6.2\dist\extension.js:1:11269)
	at Generator.next (<anonymous>)
	at c:\Users\10548\.vscode\extensions\cl.keil-assistant-1.6.2\dist\extension.js:1:4542
	at new Promise (<anonymous>)
	at r (c:\Users\10548\.vscode\extensions\cl.keil-assistant-1.6.2\dist\extension.js:1:4287)
	at I.load (c:\Users\10548\.vscode\extensions\cl.keil-assistant-1.6.2\dist\extension.js:1:10382)
	at x.<anonymous> (c:\Users\10548\.vscode\extensions\cl.keil-assistant-1.6.2\dist\extension.js:1:8182)
	at Generator.next (<anonymous>)
	at a (c:\Users\10548\.vscode\extensions\cl.keil-assistant-1.6.2\dist\extension.js:1:4344)
	at process.processTicksAndRejections (node:internal/process/task_queues:95:5)]
Log at : 2024/9/25|16:25:16|GMT+0800

Log at : 2024/9/27|01:59:51|GMT+0800

