*** Using Compiler 'V6.21', folder: 'C:\Program Files\Keil_v5\ARM\ARMCLANG\Bin'
Build target 'joystickBeitong'
compiling usart.c...
compiling system_stm32g4xx.c...
compiling tim.c...
compiling usb.c...
compiling spi.c...
compiling main.c...
compiling stm32g4xx_it.c...
compiling gpio.c...
compiling stm32g4xx_hal_msp.c...
compiling dma.c...
compiling adc.c...
compiling sky_menu.cpp...
compiling lcd.c...
compiling joystick.cpp...
compiling sky_button.cpp...
compiling maincpp.cpp...
compiling lcd_init.c...
compiling stm32g4xx_ll_utils.c...
compiling stm32g4xx_ll_exti.c...
compiling stm32g4xx_ll_adc.c...
compiling stm32g4xx_hal_rcc.c...
compiling stm32g4xx_hal_flash_ramfunc.c...
compiling stm32g4xx_ll_gpio.c...
compiling stm32g4xx_hal.c...
compiling stm32g4xx_hal_exti.c...
compiling stm32g4xx_hal_flash.c...
compiling stm32g4xx_hal_gpio.c...
compiling stm32g4xx_hal_adc_ex.c...
compiling stm32g4xx_hal_flash_ex.c...
compiling stm32g4xx_hal_dma.c...
compiling stm32g4xx_hal_rcc_ex.c...
compiling stm32g4xx_hal_dma_ex.c...
compiling stm32g4xx_hal_adc.c...
compiling stm32g4xx_hal_pwr.c...
compiling stm32g4xx_hal_cortex.c...
compiling stm32g4xx_hal_pwr_ex.c...
compiling stm32g4xx_ll_spi.c...
compiling stm32g4xx_hal_tim.c...
compiling stm32g4xx_ll_usart.c...
compiling stm32g4xx_hal_tim_ex.c...
compiling stm32g4xx_hal_pcd_ex.c...
compiling stm32g4xx_ll_dma.c...
compiling stm32g4xx_ll_rcc.c...
compiling stm32g4xx_ll_tim.c...
compiling stm32g4xx_hal_pcd.c...
compiling stm32g4xx_ll_usb.c...
linking...
Program Size: Code=29590 RO-data=602 RW-data=12 ZI-data=10628  
FromELF: creating hex file...
"joystickBeitong\joystickBeitong.axf" - 0 Error(s), 0 Warning(s).
Build Time Elapsed:  00:00:06
